<?xml version="1.0" encoding="UTF-8"?>
<!-- Generated by org.testng.reporters.JUnitReportReporter -->
<testsuite hostname="lenovo" name="sreenu.com.testLoginPage.TestLoginPage" tests="1" failures="0" timestamp="21 Aug 2018 13:07:43 GMT" time="3.427" errors="0">
  <testcase name="test_Login" time="3.427" classname="sreenu.com.testLoginPage.TestLoginPage"/>
</testsuite> <!-- sreenu.com.testLoginPage.TestLoginPage -->
