<?xml version="1.0" encoding="UTF-8"?>
<!-- Generated by org.testng.reporters.JUnitReportReporter -->
<testsuite skipped="0" hostname="lenovo" name="sreenu.com.testLoginPage.TestLoginPage" tests="1" failures="0" timestamp="21 Aug 2018 18:06:08 GMT" time="1.961" errors="0">
  <testcase name="test_Login" time="1.961" classname="sreenu.com.testLoginPage.TestLoginPage"/>
</testsuite> <!-- sreenu.com.testLoginPage.TestLoginPage -->
